{"/home/eric/courses/tdp013/lab2/test.js":{"path":"/home/eric/courses/tdp013/lab2/test.js","s":{"1":1,"2":1,"3":1,"4":1,"5":1,"6":1,"7":1,"8":0,"9":0,"10":0,"11":0,"12":1,"13":1,"14":0,"15":0,"16":0,"17":0,"18":1,"19":0,"20":0,"21":0,"22":0,"23":1,"24":0,"25":0,"26":0,"27":0,"28":0,"29":1,"30":1,"31":0,"32":1},"b":{},"f":{"1":1,"2":1,"3":0,"4":0,"5":1,"6":0,"7":0,"8":0,"9":0,"10":0,"11":0,"12":1,"13":0},"fnMap":{"1":{"name":"(anonymous_1)","line":6,"loc":{"start":{"line":6,"column":19},"end":{"line":6,"column":29}}},"2":{"name":"(anonymous_2)","line":7,"loc":{"start":{"line":7,"column":20},"end":{"line":7,"column":30}}},"3":{"name":"(anonymous_3)","line":8,"loc":{"start":{"line":8,"column":38},"end":{"line":8,"column":52}}},"4":{"name":"(anonymous_4)","line":9,"loc":{"start":{"line":9,"column":19},"end":{"line":9,"column":44}}},"5":{"name":"(anonymous_5)","line":16,"loc":{"start":{"line":16,"column":24},"end":{"line":16,"column":34}}},"6":{"name":"(anonymous_6)","line":17,"loc":{"start":{"line":17,"column":45},"end":{"line":17,"column":59}}},"7":{"name":"(anonymous_7)","line":18,"loc":{"start":{"line":18,"column":45},"end":{"line":18,"column":70}}},"8":{"name":"(anonymous_8)","line":24,"loc":{"start":{"line":24,"column":56},"end":{"line":24,"column":70}}},"9":{"name":"(anonymous_9)","line":25,"loc":{"start":{"line":25,"column":29},"end":{"line":25,"column":54}}},"10":{"name":"(anonymous_10)","line":31,"loc":{"start":{"line":31,"column":57},"end":{"line":31,"column":71}}},"11":{"name":"(anonymous_11)","line":33,"loc":{"start":{"line":33,"column":51},"end":{"line":33,"column":76}}},"12":{"name":"(anonymous_12)","line":40,"loc":{"start":{"line":40,"column":26},"end":{"line":40,"column":36}}},"13":{"name":"(anonymous_13)","line":41,"loc":{"start":{"line":41,"column":43},"end":{"line":41,"column":57}}}},"statementMap":{"1":{"start":{"line":1,"column":0},"end":{"line":1,"column":36}},"2":{"start":{"line":2,"column":0},"end":{"line":2,"column":31}},"3":{"start":{"line":3,"column":0},"end":{"line":3,"column":31}},"4":{"start":{"line":5,"column":0},"end":{"line":5,"column":33}},"5":{"start":{"line":6,"column":0},"end":{"line":46,"column":3}},"6":{"start":{"line":7,"column":2},"end":{"line":15,"column":5}},"7":{"start":{"line":8,"column":4},"end":{"line":14,"column":7}},"8":{"start":{"line":9,"column":6},"end":{"line":13,"column":9}},"9":{"start":{"line":10,"column":8},"end":{"line":10,"column":42}},"10":{"start":{"line":11,"column":8},"end":{"line":11,"column":61}},"11":{"start":{"line":12,"column":8},"end":{"line":12,"column":15}},"12":{"start":{"line":16,"column":2},"end":{"line":39,"column":5}},"13":{"start":{"line":17,"column":4},"end":{"line":23,"column":7}},"14":{"start":{"line":18,"column":6},"end":{"line":22,"column":9}},"15":{"start":{"line":19,"column":8},"end":{"line":19,"column":42}},"16":{"start":{"line":20,"column":8},"end":{"line":20,"column":51}},"17":{"start":{"line":21,"column":8},"end":{"line":21,"column":15}},"18":{"start":{"line":24,"column":4},"end":{"line":30,"column":7}},"19":{"start":{"line":25,"column":6},"end":{"line":29,"column":9}},"20":{"start":{"line":26,"column":8},"end":{"line":26,"column":42}},"21":{"start":{"line":27,"column":8},"end":{"line":27,"column":76}},"22":{"start":{"line":28,"column":8},"end":{"line":28,"column":15}},"23":{"start":{"line":31,"column":4},"end":{"line":38,"column":7}},"24":{"start":{"line":32,"column":6},"end":{"line":32,"column":35}},"25":{"start":{"line":33,"column":6},"end":{"line":37,"column":9}},"26":{"start":{"line":34,"column":8},"end":{"line":34,"column":42}},"27":{"start":{"line":35,"column":8},"end":{"line":35,"column":114}},"28":{"start":{"line":36,"column":8},"end":{"line":36,"column":15}},"29":{"start":{"line":40,"column":2},"end":{"line":44,"column":5}},"30":{"start":{"line":41,"column":4},"end":{"line":43,"column":7}},"31":{"start":{"line":42,"column":6},"end":{"line":42,"column":13}},"32":{"start":{"line":45,"column":2},"end":{"line":45,"column":18}}},"branchMap":{}}}